<?xml version="1.0" encoding="UTF-8"?>
<!-- Generated by org.testng.reporters.JUnitReportReporter -->
<testsuite hostname="MSI" failures="0" tests="1" name="com.bhuvanesh.testcases.LoginPageTest" time="16.784" errors="0" timestamp="23 Oct 2022 19:02:25 GMT" skipped="0">
  <testcase classname="com.bhuvanesh.testcases.LoginPageTest" name="login" time="16.784"/>
</testsuite> <!-- com.bhuvanesh.testcases.LoginPageTest -->
