<?xml version="1.0" encoding="UTF-8"?>
<!-- Generated by org.testng.reporters.JUnitReportReporter -->
<testsuite hostname="MSI" failures="0" tests="1" name="com.bhuvanesh.testcases.HomePageTest" time="23.483" errors="0" timestamp="23 Oct 2022 19:35:35 GMT" skipped="0">
  <testcase classname="com.bhuvanesh.testcases.HomePageTest" name="clickContacts" time="23.483"/>
</testsuite> <!-- com.bhuvanesh.testcases.HomePageTest -->
